2021-Oct-09 17:15:13 PM [TestNG-PoolService-1] DEBUG stepdefination.StepDef - initialized chrome
2021-Oct-09 17:15:13 PM [TestNG-PoolService-0] DEBUG stepdefination.StepDef - initialized chrome
2021-Oct-09 17:15:13 PM [TestNG-PoolService-1] DEBUG stepdefination.StepDef - Maximized windows
2021-Oct-09 17:15:13 PM [TestNG-PoolService-0] DEBUG stepdefination.StepDef - Maximized windows
2021-Oct-09 17:15:14 PM [TestNG-PoolService-0] DEBUG stepdefination.StepDef - delete all cookies
2021-Oct-09 17:15:14 PM [TestNG-PoolService-0] DEBUG stepdefination.StepDef - Each step hook is executed,screen shots taken
2021-Oct-09 17:15:15 PM [TestNG-PoolService-1] DEBUG stepdefination.StepDef - delete all cookies
2021-Oct-09 17:15:15 PM [TestNG-PoolService-1] DEBUG stepdefination.StepDef - Each step hook is executed,screen shots taken
2021-Oct-09 17:15:15 PM [TestNG-PoolService-0] DEBUG stepdefination.StepDef - Each step hook is executed,screen shots taken
2021-Oct-09 17:15:15 PM [TestNG-PoolService-1] DEBUG stepdefination.StepDef - Each step hook is executed,screen shots taken
2021-Oct-09 17:15:19 PM [TestNG-PoolService-0] DEBUG stepdefination.StepDef - navigate to the url
2021-Oct-09 17:15:20 PM [TestNG-PoolService-1] DEBUG stepdefination.StepDef - navigate to the url
2021-Oct-09 17:15:20 PM [TestNG-PoolService-0] DEBUG stepdefination.StepDef - Each step hook is executed,screen shots taken
2021-Oct-09 17:15:21 PM [TestNG-PoolService-1] DEBUG stepdefination.StepDef - Each step hook is executed,screen shots taken
2021-Oct-09 17:15:23 PM [TestNG-PoolService-1] DEBUG stepdefination.StepDef - enter emailshr2225@gmail.com
2021-Oct-09 17:15:23 PM [TestNG-PoolService-1] DEBUG stepdefination.StepDef - enter passwordNaviMumbai@123
2021-Oct-09 17:15:24 PM [TestNG-PoolService-1] DEBUG stepdefination.StepDef - Each step hook is executed,screen shots taken
2021-Oct-09 17:15:24 PM [TestNG-PoolService-0] DEBUG stepdefination.StepDef - Each step hook is executed,screen shots taken
2021-Oct-09 17:15:27 PM [TestNG-PoolService-0] DEBUG stepdefination.StepDef - Each step hook is executed,screen shots taken
2021-Oct-09 17:15:27 PM [TestNG-PoolService-1] DEBUG stepdefination.StepDef - Each step hook is executed,screen shots taken
2021-Oct-09 17:15:28 PM [TestNG-PoolService-1] DEBUG stepdefination.StepDef - Each step hook is executed,screen shots taken
2021-Oct-09 17:16:00 PM [TestNG-PoolService-0] DEBUG stepdefination.StepDef - Each step hook is executed,screen shots taken
