2021-Oct-09 17:05:32 PM [TestNG-PoolService-1] DEBUG stepdefination.StepDef - initialized chrome
2021-Oct-09 17:05:32 PM [TestNG-PoolService-1] DEBUG stepdefination.StepDef - Maximized windows
2021-Oct-09 17:05:32 PM [TestNG-PoolService-0] DEBUG stepdefination.StepDef - initialized chrome
2021-Oct-09 17:05:33 PM [TestNG-PoolService-0] DEBUG stepdefination.StepDef - Maximized windows
2021-Oct-09 17:05:34 PM [TestNG-PoolService-0] DEBUG stepdefination.StepDef - delete all cookies
2021-Oct-09 17:05:34 PM [TestNG-PoolService-0] DEBUG stepdefination.StepDef - Each step hook is executed,screen shots taken
2021-Oct-09 17:05:34 PM [TestNG-PoolService-1] DEBUG stepdefination.StepDef - delete all cookies
2021-Oct-09 17:05:34 PM [TestNG-PoolService-1] DEBUG stepdefination.StepDef - Each step hook is executed,screen shots taken
2021-Oct-09 17:05:34 PM [TestNG-PoolService-0] DEBUG stepdefination.StepDef - Each step hook is executed,screen shots taken
2021-Oct-09 17:05:34 PM [TestNG-PoolService-1] DEBUG stepdefination.StepDef - Each step hook is executed,screen shots taken
2021-Oct-09 17:05:38 PM [TestNG-PoolService-0] DEBUG stepdefination.StepDef - navigate to the url
2021-Oct-09 17:05:38 PM [TestNG-PoolService-1] DEBUG stepdefination.StepDef - navigate to the url
2021-Oct-09 17:05:39 PM [TestNG-PoolService-0] DEBUG stepdefination.StepDef - Each step hook is executed,screen shots taken
2021-Oct-09 17:05:39 PM [TestNG-PoolService-1] DEBUG stepdefination.StepDef - Each step hook is executed,screen shots taken
2021-Oct-09 17:05:39 PM [TestNG-PoolService-1] DEBUG stepdefination.StepDef - enter emailshr2225@gmail.com
2021-Oct-09 17:05:39 PM [TestNG-PoolService-1] DEBUG stepdefination.StepDef - enter passwordNaviMumbai@123
2021-Oct-09 17:05:39 PM [TestNG-PoolService-1] DEBUG stepdefination.StepDef - Each step hook is executed,screen shots taken
2021-Oct-09 17:05:40 PM [TestNG-PoolService-0] DEBUG stepdefination.StepDef - Each step hook is executed,screen shots taken
2021-Oct-09 17:05:41 PM [TestNG-PoolService-1] DEBUG stepdefination.StepDef - Each step hook is executed,screen shots taken
2021-Oct-09 17:05:41 PM [TestNG-PoolService-1] DEBUG stepdefination.StepDef - Each step hook is executed,screen shots taken
2021-Oct-09 17:05:42 PM [TestNG-PoolService-0] DEBUG stepdefination.StepDef - Each step hook is executed,screen shots taken
2021-Oct-09 17:06:12 PM [TestNG-PoolService-0] DEBUG stepdefination.StepDef - Each step hook is executed,screen shots taken
