2021-Oct-09 17:03:21 PM [TestNG-PoolService-1] DEBUG stepdefination.StepDef - initialized chrome
2021-Oct-09 17:03:21 PM [TestNG-PoolService-0] DEBUG stepdefination.StepDef - initialized chrome
2021-Oct-09 17:03:21 PM [TestNG-PoolService-2] DEBUG stepdefination.StepDef - initialized chrome
2021-Oct-09 17:03:21 PM [TestNG-PoolService-1] DEBUG stepdefination.StepDef - Maximized windows
2021-Oct-09 17:03:21 PM [TestNG-PoolService-2] DEBUG stepdefination.StepDef - Maximized windows
2021-Oct-09 17:03:21 PM [TestNG-PoolService-0] DEBUG stepdefination.StepDef - Maximized windows
2021-Oct-09 17:03:21 PM [TestNG-PoolService-1] DEBUG stepdefination.StepDef - delete all cookies
2021-Oct-09 17:03:21 PM [TestNG-PoolService-2] DEBUG stepdefination.StepDef - delete all cookies
2021-Oct-09 17:03:21 PM [TestNG-PoolService-0] DEBUG stepdefination.StepDef - delete all cookies
2021-Oct-09 17:03:21 PM [TestNG-PoolService-1] DEBUG stepdefination.StepDef - Each step hook is executed,screen shots taken
2021-Oct-09 17:03:21 PM [TestNG-PoolService-2] DEBUG stepdefination.StepDef - Each step hook is executed,screen shots taken
2021-Oct-09 17:03:21 PM [TestNG-PoolService-0] DEBUG stepdefination.StepDef - Each step hook is executed,screen shots taken
2021-Oct-09 17:03:21 PM [TestNG-PoolService-0] DEBUG stepdefination.StepDef - Each step hook is executed,screen shots taken
2021-Oct-09 17:03:21 PM [TestNG-PoolService-2] DEBUG stepdefination.StepDef - Each step hook is executed,screen shots taken
2021-Oct-09 17:03:21 PM [TestNG-PoolService-1] DEBUG stepdefination.StepDef - Each step hook is executed,screen shots taken
2021-Oct-09 17:03:28 PM [TestNG-PoolService-1] DEBUG stepdefination.StepDef - navigate to the url
2021-Oct-09 17:03:28 PM [TestNG-PoolService-2] DEBUG stepdefination.StepDef - navigate to the url
2021-Oct-09 17:03:28 PM [TestNG-PoolService-0] DEBUG stepdefination.StepDef - navigate to the url
2021-Oct-09 17:03:33 PM [TestNG-PoolService-2] DEBUG stepdefination.StepDef - Each step hook is executed,screen shots taken
2021-Oct-09 17:03:33 PM [TestNG-PoolService-1] DEBUG stepdefination.StepDef - Each step hook is executed,screen shots taken
2021-Oct-09 17:03:33 PM [TestNG-PoolService-0] DEBUG stepdefination.StepDef - Each step hook is executed,screen shots taken
2021-Oct-09 17:03:36 PM [TestNG-PoolService-2] DEBUG stepdefination.StepDef - enter emailshr2225@gmail.com
2021-Oct-09 17:03:36 PM [TestNG-PoolService-0] DEBUG stepdefination.StepDef - enter emailshr2225@gmail.com
2021-Oct-09 17:03:36 PM [TestNG-PoolService-2] DEBUG stepdefination.StepDef - enter passwordNaviMumbai@123
2021-Oct-09 17:03:36 PM [TestNG-PoolService-0] DEBUG stepdefination.StepDef - enter passwordNaviMumbai@123
2021-Oct-09 17:03:37 PM [TestNG-PoolService-2] DEBUG stepdefination.StepDef - Each step hook is executed,screen shots taken
2021-Oct-09 17:03:37 PM [TestNG-PoolService-0] DEBUG stepdefination.StepDef - Each step hook is executed,screen shots taken
2021-Oct-09 17:03:37 PM [TestNG-PoolService-1] DEBUG stepdefination.StepDef - Each step hook is executed,screen shots taken
2021-Oct-09 17:03:39 PM [TestNG-PoolService-1] DEBUG stepdefination.StepDef - Each step hook is executed,screen shots taken
2021-Oct-09 17:03:39 PM [TestNG-PoolService-2] DEBUG stepdefination.StepDef - Each step hook is executed,screen shots taken
2021-Oct-09 17:03:39 PM [TestNG-PoolService-0] DEBUG stepdefination.StepDef - Each step hook is executed,screen shots taken
2021-Oct-09 17:03:40 PM [TestNG-PoolService-2] DEBUG stepdefination.StepDef - Each step hook is executed,screen shots taken
2021-Oct-09 17:03:40 PM [TestNG-PoolService-0] DEBUG stepdefination.StepDef - Each step hook is executed,screen shots taken
2021-Oct-09 17:04:09 PM [TestNG-PoolService-1] DEBUG stepdefination.StepDef - Each step hook is executed,screen shots taken
