2021-Oct-09 16:40:50 PM [TestNG-PoolService-0] DEBUG stepdefination.StepDef - initialized chrome
2021-Oct-09 16:40:50 PM [TestNG-PoolService-1] DEBUG stepdefination.StepDef - initialized chrome
2021-Oct-09 16:40:50 PM [TestNG-PoolService-2] DEBUG stepdefination.StepDef - initialized chrome
2021-Oct-09 16:40:51 PM [TestNG-PoolService-2] DEBUG stepdefination.StepDef - Maximized windows
2021-Oct-09 16:40:51 PM [TestNG-PoolService-1] DEBUG stepdefination.StepDef - Maximized windows
2021-Oct-09 16:40:51 PM [TestNG-PoolService-0] DEBUG stepdefination.StepDef - Maximized windows
2021-Oct-09 16:40:51 PM [TestNG-PoolService-2] DEBUG stepdefination.StepDef - delete all cookies
2021-Oct-09 16:40:51 PM [TestNG-PoolService-1] DEBUG stepdefination.StepDef - delete all cookies
2021-Oct-09 16:40:51 PM [TestNG-PoolService-1] DEBUG stepdefination.StepDef - Each step hook is executed,screen shots taken
2021-Oct-09 16:40:51 PM [TestNG-PoolService-2] DEBUG stepdefination.StepDef - Each step hook is executed,screen shots taken
2021-Oct-09 16:40:51 PM [TestNG-PoolService-0] DEBUG stepdefination.StepDef - delete all cookies
2021-Oct-09 16:40:51 PM [TestNG-PoolService-0] DEBUG stepdefination.StepDef - Each step hook is executed,screen shots taken
2021-Oct-09 16:40:51 PM [TestNG-PoolService-2] DEBUG stepdefination.StepDef - Each step hook is executed,screen shots taken
2021-Oct-09 16:40:51 PM [TestNG-PoolService-0] DEBUG stepdefination.StepDef - Each step hook is executed,screen shots taken
2021-Oct-09 16:40:51 PM [TestNG-PoolService-1] DEBUG stepdefination.StepDef - Each step hook is executed,screen shots taken
2021-Oct-09 16:40:58 PM [TestNG-PoolService-2] DEBUG stepdefination.StepDef - navigate to the url
2021-Oct-09 16:40:58 PM [TestNG-PoolService-1] DEBUG stepdefination.StepDef - navigate to the url
2021-Oct-09 16:40:58 PM [TestNG-PoolService-0] DEBUG stepdefination.StepDef - navigate to the url
2021-Oct-09 16:41:00 PM [TestNG-PoolService-1] DEBUG stepdefination.StepDef - Each step hook is executed,screen shots taken
2021-Oct-09 16:41:00 PM [TestNG-PoolService-2] DEBUG stepdefination.StepDef - Each step hook is executed,screen shots taken
2021-Oct-09 16:41:01 PM [TestNG-PoolService-0] DEBUG stepdefination.StepDef - Each step hook is executed,screen shots taken
2021-Oct-09 16:41:02 PM [TestNG-PoolService-2] DEBUG stepdefination.StepDef - enter emailshr2225@gmail.com
2021-Oct-09 16:41:02 PM [TestNG-PoolService-0] DEBUG stepdefination.StepDef - enter emailshr2225@gmail.com
2021-Oct-09 16:41:03 PM [TestNG-PoolService-2] DEBUG stepdefination.StepDef - enter passwordNaviMumbai@123
2021-Oct-09 16:41:03 PM [TestNG-PoolService-0] DEBUG stepdefination.StepDef - enter passwordNaviMumbai@123
2021-Oct-09 16:41:03 PM [TestNG-PoolService-2] DEBUG stepdefination.StepDef - Each step hook is executed,screen shots taken
2021-Oct-09 16:41:03 PM [TestNG-PoolService-0] DEBUG stepdefination.StepDef - Each step hook is executed,screen shots taken
2021-Oct-09 16:41:04 PM [TestNG-PoolService-1] DEBUG stepdefination.StepDef - Each step hook is executed,screen shots taken
2021-Oct-09 16:41:08 PM [TestNG-PoolService-0] DEBUG stepdefination.StepDef - Each step hook is executed,screen shots taken
2021-Oct-09 16:41:08 PM [TestNG-PoolService-0] DEBUG stepdefination.StepDef - Each step hook is executed,screen shots taken
2021-Oct-09 16:41:09 PM [TestNG-PoolService-1] DEBUG stepdefination.StepDef - Each step hook is executed,screen shots taken
2021-Oct-09 16:41:09 PM [TestNG-PoolService-2] DEBUG stepdefination.StepDef - Each step hook is executed,screen shots taken
2021-Oct-09 16:41:10 PM [TestNG-PoolService-2] DEBUG stepdefination.StepDef - Each step hook is executed,screen shots taken
2021-Oct-09 16:41:39 PM [TestNG-PoolService-1] DEBUG stepdefination.StepDef - Each step hook is executed,screen shots taken
