2021-Oct-09 16:34:23 PM [TestNG-PoolService-0] DEBUG stepdefination.StepDef - initialized chrome
2021-Oct-09 16:34:23 PM [TestNG-PoolService-1] DEBUG stepdefination.StepDef - initialized chrome
2021-Oct-09 16:34:23 PM [TestNG-PoolService-2] DEBUG stepdefination.StepDef - initialized chrome
2021-Oct-09 16:34:25 PM [TestNG-PoolService-0] DEBUG stepdefination.StepDef - Maximized windows
2021-Oct-09 16:34:26 PM [TestNG-PoolService-1] DEBUG stepdefination.StepDef - Maximized windows
2021-Oct-09 16:34:26 PM [TestNG-PoolService-2] DEBUG stepdefination.StepDef - Maximized windows
2021-Oct-09 16:34:28 PM [TestNG-PoolService-1] DEBUG stepdefination.StepDef - delete all cookies
2021-Oct-09 16:34:28 PM [TestNG-PoolService-2] DEBUG stepdefination.StepDef - delete all cookies
2021-Oct-09 16:34:28 PM [TestNG-PoolService-1] DEBUG stepdefination.StepDef - Each step hook is executed,screen shots taken
2021-Oct-09 16:34:28 PM [TestNG-PoolService-2] DEBUG stepdefination.StepDef - Each step hook is executed,screen shots taken
2021-Oct-09 16:34:29 PM [TestNG-PoolService-0] DEBUG stepdefination.StepDef - delete all cookies
2021-Oct-09 16:34:29 PM [TestNG-PoolService-0] DEBUG stepdefination.StepDef - Each step hook is executed,screen shots taken
2021-Oct-09 16:34:30 PM [TestNG-PoolService-2] DEBUG stepdefination.StepDef - Each step hook is executed,screen shots taken
2021-Oct-09 16:34:30 PM [TestNG-PoolService-0] DEBUG stepdefination.StepDef - Each step hook is executed,screen shots taken
2021-Oct-09 16:34:30 PM [TestNG-PoolService-1] DEBUG stepdefination.StepDef - Each step hook is executed,screen shots taken
2021-Oct-09 16:34:43 PM [TestNG-PoolService-2] DEBUG stepdefination.StepDef - navigate to the url
2021-Oct-09 16:34:43 PM [TestNG-PoolService-0] DEBUG stepdefination.StepDef - navigate to the url
2021-Oct-09 16:34:43 PM [TestNG-PoolService-1] DEBUG stepdefination.StepDef - navigate to the url
2021-Oct-09 16:34:45 PM [TestNG-PoolService-1] DEBUG stepdefination.StepDef - Each step hook is executed,screen shots taken
2021-Oct-09 16:34:45 PM [TestNG-PoolService-0] DEBUG stepdefination.StepDef - Each step hook is executed,screen shots taken
2021-Oct-09 16:34:45 PM [TestNG-PoolService-2] DEBUG stepdefination.StepDef - Each step hook is executed,screen shots taken
2021-Oct-09 16:34:46 PM [TestNG-PoolService-2] DEBUG stepdefination.StepDef - enter emailshr2225@gmail.com
2021-Oct-09 16:34:46 PM [TestNG-PoolService-0] DEBUG stepdefination.StepDef - enter emailshr2225@gmail.com
2021-Oct-09 16:34:47 PM [TestNG-PoolService-2] DEBUG stepdefination.StepDef - enter passwordNaviMumbai@123
2021-Oct-09 16:34:47 PM [TestNG-PoolService-0] DEBUG stepdefination.StepDef - enter passwordNaviMumbai@123
2021-Oct-09 16:34:47 PM [TestNG-PoolService-0] DEBUG stepdefination.StepDef - Each step hook is executed,screen shots taken
2021-Oct-09 16:34:47 PM [TestNG-PoolService-2] DEBUG stepdefination.StepDef - Each step hook is executed,screen shots taken
2021-Oct-09 16:34:47 PM [TestNG-PoolService-1] DEBUG stepdefination.StepDef - Each step hook is executed,screen shots taken
2021-Oct-09 16:34:49 PM [TestNG-PoolService-1] DEBUG stepdefination.StepDef - Each step hook is executed,screen shots taken
2021-Oct-09 16:35:17 PM [TestNG-PoolService-0] DEBUG stepdefination.StepDef - Each step hook is executed,screen shots taken
2021-Oct-09 16:35:17 PM [TestNG-PoolService-2] DEBUG stepdefination.StepDef - Each step hook is executed,screen shots taken
2021-Oct-09 16:35:19 PM [TestNG-PoolService-1] DEBUG stepdefination.StepDef - Each step hook is executed,screen shots taken
