2021-Oct-09 16:30:03 PM [TestNG-PoolService-2] DEBUG stepdefination.StepDef - initialized chrome
2021-Oct-09 16:30:03 PM [TestNG-PoolService-1] DEBUG stepdefination.StepDef - initialized chrome
2021-Oct-09 16:30:03 PM [TestNG-PoolService-0] DEBUG stepdefination.StepDef - initialized chrome
2021-Oct-09 16:30:04 PM [TestNG-PoolService-0] DEBUG stepdefination.StepDef - Maximized windows
2021-Oct-09 16:30:04 PM [TestNG-PoolService-2] DEBUG stepdefination.StepDef - Maximized windows
2021-Oct-09 16:30:05 PM [TestNG-PoolService-2] DEBUG stepdefination.StepDef - delete all cookies
2021-Oct-09 16:30:05 PM [TestNG-PoolService-1] DEBUG stepdefination.StepDef - Maximized windows
2021-Oct-09 16:30:06 PM [TestNG-PoolService-1] DEBUG stepdefination.StepDef - delete all cookies
2021-Oct-09 16:30:06 PM [TestNG-PoolService-1] DEBUG stepdefination.StepDef - Each step hook is executed,screen shots taken
2021-Oct-09 16:30:06 PM [TestNG-PoolService-2] DEBUG stepdefination.StepDef - Each step hook is executed,screen shots taken
2021-Oct-09 16:30:06 PM [TestNG-PoolService-2] DEBUG stepdefination.StepDef - Each step hook is executed,screen shots taken
2021-Oct-09 16:30:06 PM [TestNG-PoolService-1] DEBUG stepdefination.StepDef - Each step hook is executed,screen shots taken
2021-Oct-09 16:30:06 PM [TestNG-PoolService-0] DEBUG stepdefination.StepDef - delete all cookies
2021-Oct-09 16:30:06 PM [TestNG-PoolService-0] DEBUG stepdefination.StepDef - Each step hook is executed,screen shots taken
2021-Oct-09 16:30:07 PM [TestNG-PoolService-0] DEBUG stepdefination.StepDef - Each step hook is executed,screen shots taken
2021-Oct-09 16:30:20 PM [TestNG-PoolService-1] DEBUG stepdefination.StepDef - navigate to the url
2021-Oct-09 16:30:20 PM [TestNG-PoolService-2] DEBUG stepdefination.StepDef - navigate to the url
2021-Oct-09 16:30:23 PM [TestNG-PoolService-1] DEBUG stepdefination.StepDef - Each step hook is executed,screen shots taken
2021-Oct-09 16:30:24 PM [TestNG-PoolService-0] DEBUG stepdefination.StepDef - navigate to the url
2021-Oct-09 16:30:24 PM [TestNG-PoolService-2] DEBUG stepdefination.StepDef - Each step hook is executed,screen shots taken
2021-Oct-09 16:30:25 PM [TestNG-PoolService-2] DEBUG stepdefination.StepDef - enter emailshr2225@gmail.com
2021-Oct-09 16:30:25 PM [TestNG-PoolService-0] DEBUG stepdefination.StepDef - Each step hook is executed,screen shots taken
2021-Oct-09 16:30:25 PM [TestNG-PoolService-0] DEBUG stepdefination.StepDef - enter emailshr2225@gmail.com
2021-Oct-09 16:30:25 PM [TestNG-PoolService-2] DEBUG stepdefination.StepDef - enter passwordNaviMumbai@123
2021-Oct-09 16:30:25 PM [TestNG-PoolService-0] DEBUG stepdefination.StepDef - enter passwordNaviMumbai@123
2021-Oct-09 16:30:25 PM [TestNG-PoolService-2] DEBUG stepdefination.StepDef - Each step hook is executed,screen shots taken
2021-Oct-09 16:30:25 PM [TestNG-PoolService-0] DEBUG stepdefination.StepDef - Each step hook is executed,screen shots taken
2021-Oct-09 16:30:26 PM [TestNG-PoolService-1] DEBUG stepdefination.StepDef - Each step hook is executed,screen shots taken
2021-Oct-09 16:30:30 PM [TestNG-PoolService-1] DEBUG stepdefination.StepDef - Each step hook is executed,screen shots taken
2021-Oct-09 16:30:56 PM [TestNG-PoolService-0] DEBUG stepdefination.StepDef - Each step hook is executed,screen shots taken
2021-Oct-09 16:30:56 PM [TestNG-PoolService-2] DEBUG stepdefination.StepDef - Each step hook is executed,screen shots taken
2021-Oct-09 16:31:00 PM [TestNG-PoolService-1] DEBUG stepdefination.StepDef - Each step hook is executed,screen shots taken
